1 8
2 489
3 931
4 768
5 501
6 943
7 719
8 870
9 712
10 758
11 649
12 730
13 945
14 627
15 705
16 830
17 637
18 725
19 759
20 763
21 596
22 597
23 901
24 808
25 617
26 703
27 619
28 590
29 816
30 870
31 845
32 862
33 586
34 833
35 550
36 719
37 489
38 702
39 833
40 559
41 451
42 650
43 825
44 774
45 764
46 626
47 506
48 834
49 696
50 679
51 485
52 758
53 628
54 738
55 412
56 901
57 579
58 802
59 705
60 557
61 718
62 856
63 735
64 849
65 826
66 735
67 856
68 679
69 819
70 686
71 652
72 776
73 602
74 760
75 787
76 620
77 819
78 865
79 866
80 541
81 764
82 566
83 759
84 784
85 749
86 767
87 914
88 627
89 815
90 638
91 663
92 318
93 319
94 904
95 832
96 782
97 939
98 870
99 711
100 816
101 942
102 779
103 677
104 687
105 817
106 722
107 807
108 557
109 709
110 723
111 660
112 648
113 800
114 829
115 659
116 755
117 616
118 571
119 911
120 637
121 653
122 827
123 616
124 590
125 775
126 875
127 790
128 755
129 763
130 807
131 584
132 857
133 678
134 784
135 509
136 682
137 878
138 596
139 652
140 743
141 868
142 662
143 587
144 841
145 609
146 650
147 892
148 579
149 786
150 806
151 621
152 490
153 612
154 891
155 616
156 671
157 622
158 785
159 566
160 923
161 913
162 641
163 514
164 866
165 811
166 539
167 667
168 504
169 753
170 889
171 802
172 574
173 644
174 806
175 579
176 970
177 685
178 711
179 508
180 678
181 538
182 648
183 666
184 782
185 780
186 875
187 809
188 837
189 741
190 667
191 456
192 715
193 792
194 682
195 770
196 595
197 946
198 780
199 808
200 839
201 724
202 611
203 739
204 624
205 734
206 806
207 856
208 607
209 738
210 794
211 791
212 592
213 696
214 839
215 892
216 703
217 817
218 723
219 548
220 571
221 820
222 792
223 643
224 723
225 659
226 700
227 914
228 530
229 553
230 748
231 680
232 652
233 858
234 889
235 620
236 632
237 634
238 783
239 884
240 660
241 582
242 701
243 623
244 753
245 727
246 695
247 880
248 600
249 867
250 812
251 810
252 504
253 677
254 687
255 884
256 856
257 676
258 719
259 906
260 830
261 774
262 479
263 863
264 685
265 822
266 916
267 760
268 863
269 768
270 791
271 598
272 670
273 809
274 799
275 762
276 621
277 762
278 585
279 791
280 652
281 730
282 495
283 767
284 706
285 389
286 777
287 470
288 718
289 793
290 790
291 564
292 612
293 592
294 868
295 910
296 682
297 658
298 741
299 719
300 831
301 807
302 560
303 879
304 796
305 594
306 818
307 629
308 787
309 714
310 947
311 634
312 624
313 881
314 632
315 835
316 558
317 302
318 802
319 680
320 724
321 909
322 806
323 901
324 902
325 769
326 604
327 720
328 628
329 760
330 616
331 619
332 523
333 874
334 696
335 641
336 894
337 893
338 827
339 729
340 868
341 769
342 626
343 815
344 585
345 878
346 893
347 775
348 509
349 422
350 724
351 837
352 742
353 699
354 759
355 673
356 717
357 839
358 778
359 678
360 946
361 676
362 489
363 800
364 683
365 858
366 693
367 821
368 735
369 793
370 823
371 600
372 829
373 794
374 500
375 897
376 894
377 730
378 717
379 524
380 767
381 918
382 463
383 823
384 562
385 857
386 676
387 502
388 517
389 728
390 514
391 650
392 788
393 835
394 746
395 877
396 472
397 625
398 633
399 794
400 853
401 730
402 791
403 755
404 834
405 754
406 862
407 699
408 588
409 585
410 646
411 598
412 900
413 916
414 845
415 715
416 698
417 737
418 755
419 939
420 782
421 899
422 687
423 654
424 657
425 489
426 849
427 833
428 770
429 736
430 884
431 689
432 793
433 565
434 868
435 704
436 543
437 666
438 707
439 840
440 709
441 772
442 656
443 524
444 496
445 834
446 553
447 866
448 469
449 586
450 723
451 591
452 657
453 715
454 747
455 767
456 457
457 695
458 703
459 645
460 916
461 617
462 776
463 760
464 874
465 721
466 923
467 903
468 730
469 519
470 908
471 812
472 692
473 853
474 725
475 780
476 570
477 581
478 617
479 588
480 639
481 604
482 424
483 666
484 580
485 751
486 788
487 831
488 894
489 593
490 506
491 853
492 719
493 793
494 400
495 719
496 679
497 842
498 740
499 770
500 759
501 620
502 546
503 795
504 671
505 550
506 572
507 917
508 576
509 736
510 753
511 757
512 871
513 827
514 866
515 671
516 775
517 656
518 789
519 820
520 808
521 626
522 531
523 744
524 843
525 783
526 772
527 795
528 389
529 702
530 559
531 776
532 856
533 944
534 814
535 637
536 776
537 727
538 673
539 667
540 823
541 646
542 553
543 711
544 576
545 784
546 825
547 760
548 761
549 726
550 964
551 662
552 566
553 677
554 689
555 844
556 959
557 902
558 869
559 829
560 611
561 465
562 842
563 812
564 695
565 933
566 696
567 813
568 746
569 693
570 743
571 769
572 860
573 657
574 600
575 668
576 855
577 675
578 647
579 624
580 653
581 706
582 751
583 851
584 547
585 761
586 593
587 727
588 774
589 763
590 639
591 715
592 770
593 852
594 663
595 671
596 555
597 819
598 778
599 908
600 558
601 907
602 792
603 658
604 829
605 694
606 663
607 789
608 828
609 769
610 913
611 941
612 721
613 700
614 783
615 871
616 770
617 596
618 663
619 683
620 595
621 874
622 867
623 455
624 774
625 842
626 785
627 741
628 846
629 724
630 515
631 672
632 660
633 508
634 674
635 765
636 650
637 915
638 715
639 648
640 697
641 685
642 607
643 870
644 564
645 728
646 784
647 869
648 704
649 715
650 554
651 650
652 641
653 581
654 611
655 727
656 751
657 532
658 755
659 723
660 683
661 750
662 844
663 973
664 786
665 785
666 877
667 815
668 563
669 764
670 737
671 542
672 738
673 447
674 550
675 874
676 630
677 714
678 832
679 361
680 616
681 953
682 719
683 846
684 769
685 626
686 625
687 686
688 734
689 951
690 720
691 567
692 822
693 754
694 820
695 957
696 777
697 661
698 634
699 828
700 464
701 600
702 588
703 833
704 842
705 651
706 804
707 816
708 832
709 514
710 425
711 884
712 840
713 736
714 837
715 700
716 689
717 876
718 510
719 721
720 545
721 755
722 631
723 646
724 789
725 725
726 873
727 698
728 883
729 725
730 761
731 639
732 532
733 782
734 681
735 709
736 623
737 541
738 677
739 844
740 810
741 824
742 654
743 795
744 606
745 727
746 671
747 795
748 949
749 678
750 724
751 498
752 676
753 899
754 928
755 797
756 834
757 923
758 613
759 867
760 734
761 838
762 636
763 731
764 819
765 779
766 797
767 896
768 874
769 604
770 781
771 758
772 726
773 606
774 667
775 736
776 623
777 689
778 746
779 644
780 775
781 789
782 902
783 797
784 732
785 774
786 813
787 759
788 719
789 587
790 621
791 782
792 469
793 775
794 276
795 877
796 729
797 526
798 839
799 638
800 643
801 412
802 888
803 809
804 864
805 832
806 721
807 941
808 623
809 811
810 914
811 758
812 731
813 595
814 747
815 925
816 751
817 839
818 814
819 972
820 669
821 459
822 884
823 885
824 810
825 741
826 887
827 907
828 796
829 790
830 676
831 785
832 536
833 858
834 584
835 851
836 683
837 751
838 572
839 750
840 781
841 432
842 728
843 348
844 690
845 761
846 779
847 930
848 828
849 667
850 828
851 631
852 570
853 644
854 901
855 836
856 445
857 791
858 697
859 887
860 710
861 866
862 748
863 850
864 487
865 710
866 720
867 637
868 907
869 661
870 500
871 849
872 644
873 679
874 713
875 877
876 598
877 757
878 808
879 678
880 726
881 612
882 661
883 788
884 831
885 849
886 846
887 506
888 849
889 650
890 816
891 785
892 638
893 726
894 848
895 710
896 888
897 779
898 667
899 653
900 793
901 731
902 803
903 729
904 813
905 677
906 438
907 647
908 653
909 613
910 931
911 773
912 828
913 855
914 884
915 848
916 678
917 815
918 865
919 771
920 851
921 811
922 654
923 803
924 742
925 708
926 779
927 741
928 712
929 398
930 796
931 753
932 869
933 849
934 869
935 787
936 923
937 406
938 796
939 762
940 808
941 756
942 780
943 782
944 659
945 594
946 547
947 810
948 870
949 727
950 839
951 734
952 720
953 546
954 721
955 869
956 808
957 623
958 915
959 537
960 712
961 644
962 694
963 624
964 585
965 843
966 704
967 773
968 725
969 518
970 640
971 532
972 791
973 755
974 688
975 767
976 636
977 509
978 882
979 902
980 700
981 603
982 660
983 739
984 686
985 935
986 706
987 956
988 597
989 727
990 666
991 681
992 445
993 888
994 870
995 818
996 848
997 494
998 637
999 705
1000 797
